<?xml version="1.0" encoding="UTF-8"?>
<!-- Generated by org.testng.reporters.JUnitXMLReporter -->
<testsuite ignored="0" hostname="Reemas-MacBook-Pro-3.local" failures="0" tests="5" name="Default test" time="132.651" errors="0" timestamp="2023-06-19T14:09:08 AST">
  <testcase classname="com.stc.test.STC" name="Amethod" time="14.318"/>
  <testcase classname="com.stc.test.STC" name="Bmethod" time="31.657"/>
  <testcase classname="com.stc.test.STC" name="Cmethod" time="42.403"/>
  <testcase classname="com.stc.test.STC" name="Dmethod" time="38.699"/>
  <testcase classname="com.stc.test.STC" name="Emethod" time="5.486"/>
</testsuite> <!-- Default test -->
